[2026-02-24 19:48:19] === Bridge PHP-Python inicializado ===
[2026-02-24 19:48:19] Procesando archivo tipo: recepcion
[2026-02-24 19:48:20] Archivo: Export (48).xlsx (2.97MB)
[2026-02-24 19:48:22] Health check falló: Error CURL: Failed to connect to 127.0.0.1 port 5000 after 2046 ms: Couldn't connect to server
[2026-02-24 19:48:22] Intentando iniciar API Python...
[2026-02-24 19:48:22] Comando ejecutado: start /B python C:\xampp\htdocs\Portal-Facturacion\controller/../api_python/app.py > NUL 2>&1
[2026-02-24 19:48:26] Health check falló: Error CURL: Failed to connect to 127.0.0.1 port 5000 after 2053 ms: Couldn't connect to server
[2026-02-24 19:48:26] ERROR: La API Python no está disponible. Asegúrate de ejecutar 'python api_python/app.py'
[2026-02-24 19:55:13] === Bridge PHP-Python inicializado ===
[2026-02-24 19:55:13] Procesando archivo tipo: recepcion
[2026-02-24 19:55:13] Archivo: Export (48).xlsx (2.97MB)
[2026-02-24 19:55:29] ERROR: HTTP Error 500: {
  "error": "Object of type int64 is not JSON serializable",
  "success": false,
  "tiempo_procesamiento": 15.62,
  "tipo_error": "TypeError"
}

[2026-02-24 19:57:56] === Bridge PHP-Python inicializado ===
[2026-02-24 19:57:56] Procesando archivo tipo: recepcion
[2026-02-24 19:57:56] Archivo: Export (48).xlsx (2.97MB)
[2026-02-24 19:57:57] ERROR: HTTP Error 500: {
  "error": "ord() expected a character, but string of length 2 found",
  "success": false,
  "tiempo_procesamiento": 0.99,
  "tipo_error": "TypeError"
}

[2026-02-24 20:00:48] === Bridge PHP-Python inicializado ===
[2026-02-24 20:00:48] Procesando archivo tipo: recepcion
[2026-02-24 20:00:48] Archivo: Export (48).xlsx (2.97MB)
[2026-02-24 20:00:50] Respuesta recibida en 1.54s
[2026-02-24 20:08:56] === Bridge PHP-Python inicializado ===
[2026-02-24 20:08:56] Procesando archivo tipo: recepcion
[2026-02-24 20:08:56] Archivo: Export (48).xlsx (3.11MB)
[2026-02-24 20:08:57] Respuesta recibida en 1.54s
[2026-02-24 20:12:45] === Bridge PHP-Python inicializado ===
[2026-02-24 20:12:45] Procesando archivo tipo: recepcion
[2026-02-24 20:12:45] Archivo: Export (48).xlsx (3.11MB)
[2026-02-24 20:12:46] Respuesta recibida en 1.11s
[2026-02-24 20:29:10] === Bridge PHP-Python inicializado ===
[2026-02-24 20:29:10] Procesando archivo tipo: recepcion
[2026-02-24 20:29:10] Archivo: Export (50).xlsx (1.39MB)
[2026-02-24 20:29:11] Respuesta recibida en 1.31s
[2026-02-24 20:30:46] === Bridge PHP-Python inicializado ===
[2026-02-24 20:30:46] Procesando archivo tipo: recepcion
[2026-02-24 20:30:46] Archivo: Export (50).xlsx (1.39MB)
[2026-02-24 20:30:47] Respuesta recibida en 1.11s
[2026-02-24 20:39:07] === Bridge PHP-Python inicializado ===
[2026-02-24 20:39:07] Procesando archivo tipo: recepcion
[2026-02-24 20:39:07] Archivo: Export (51).xlsx (3.22MB)
[2026-02-24 20:39:30] Respuesta recibida en 23.28s
[2026-02-24 20:44:34] === Bridge PHP-Python inicializado ===
[2026-02-24 20:44:34] Procesando archivo tipo: recepcion
[2026-02-24 20:44:34] Archivo: Export (51).xlsx (3.22MB)
[2026-02-24 20:45:03] Respuesta recibida en 28.8s
[2026-02-24 20:45:21] === Bridge PHP-Python inicializado ===
[2026-02-24 20:45:21] Procesando archivo tipo: recepcion
[2026-02-24 20:45:21] Archivo: Export (51).xlsx (3.22MB)
[2026-02-24 20:45:47] Respuesta recibida en 26.06s
[2026-02-24 20:47:09] === Bridge PHP-Python inicializado ===
[2026-02-24 20:47:09] Procesando archivo tipo: recepcion
[2026-02-24 20:47:09] Archivo: Export (51).xlsx (3.22MB)
[2026-02-24 20:47:38] Respuesta recibida en 28.99s
[2026-02-24 20:48:43] === Bridge PHP-Python inicializado ===
[2026-02-24 20:48:43] Procesando archivo tipo: recepcion
[2026-02-24 20:48:43] Archivo: Export (51).xlsx (3.22MB)
[2026-02-24 20:49:12] Respuesta recibida en 29.1s
[2026-02-24 20:50:13] === Bridge PHP-Python inicializado ===
[2026-02-24 20:50:13] Procesando archivo tipo: recepcion
[2026-02-24 20:50:13] Archivo: Export (50).xlsx (1.39MB)
[2026-02-24 20:50:21] Respuesta recibida en 8.24s
[2026-02-24 21:21:40] === Bridge PHP-Python inicializado ===
[2026-02-24 21:21:40] Procesando archivo tipo: recepcion
[2026-02-24 21:21:40] Archivo: Export (51).xlsx (3.22MB)
[2026-02-24 21:22:04] ERROR: HTTP Error 500: {
  "error": "Object of type int64 is not JSON serializable",
  "request_id": "20260224_162140_857007",
  "success": false,
  "tiempo_procesamiento": 23.46,
  "tipo_error": "TypeError"
}

[2026-02-24 21:22:27] === Bridge PHP-Python inicializado ===
[2026-02-24 21:22:27] Procesando archivo tipo: recepcion
[2026-02-24 21:22:27] Archivo: Export (50).xlsx (1.39MB)
[2026-02-24 21:22:36] ERROR: HTTP Error 500: {
  "error": "Object of type int64 is not JSON serializable",
  "request_id": "20260224_162227_840916",
  "success": false,
  "tiempo_procesamiento": 9.1,
  "tipo_error": "TypeError"
}

[2026-02-24 21:22:44] === Bridge PHP-Python inicializado ===
[2026-02-24 21:22:44] Procesando archivo tipo: recepcion
[2026-02-24 21:22:44] Archivo: Export (50).xlsx (1.39MB)
[2026-02-24 21:22:54] ERROR: HTTP Error 500: {
  "error": "Object of type int64 is not JSON serializable",
  "request_id": "20260224_162244_048433",
  "success": false,
  "tiempo_procesamiento": 10.04,
  "tipo_error": "TypeError"
}

[2026-02-24 21:23:27] === Bridge PHP-Python inicializado ===
[2026-02-24 21:23:27] Procesando archivo tipo: recepcion
[2026-02-24 21:23:27] Archivo: Export (51).xlsx (3.22MB)
[2026-02-24 21:23:49] ERROR: HTTP Error 500: {
  "error": "Object of type int64 is not JSON serializable",
  "request_id": "20260224_162327_587101",
  "success": false,
  "tiempo_procesamiento": 21.75,
  "tipo_error": "TypeError"
}

[2026-02-24 21:24:26] === Bridge PHP-Python inicializado ===
[2026-02-24 21:24:26] Procesando archivo tipo: recepcion
[2026-02-24 21:24:26] Archivo: Export (51).xlsx (3.22MB)
[2026-02-24 21:24:45] ERROR: HTTP Error 500: {
  "error": "Object of type int64 is not JSON serializable",
  "request_id": "20260224_162426_089181",
  "success": false,
  "tiempo_procesamiento": 19.44,
  "tipo_error": "TypeError"
}

[2026-02-24 21:25:32] === Bridge PHP-Python inicializado ===
[2026-02-24 21:25:32] Procesando archivo tipo: recepcion
[2026-02-24 21:25:32] Archivo: Export (51).xlsx (3.22MB)
[2026-02-24 21:25:50] ERROR: HTTP Error 500: {
  "error": "Object of type int64 is not JSON serializable",
  "request_id": "20260224_162532_951147",
  "success": false,
  "tiempo_procesamiento": 17.88,
  "tipo_error": "TypeError"
}

